{"name":"Validating home page for varios poinis","status":"failed","statusDetails":{"known":false,"muted":false,"flaky":false,"message":"expected [Search] but found [Serach]","trace":"java.lang.AssertionError: expected [Search] but found [Serach]\n\tat org.testng.Assert.fail(Assert.java:93)\n\tat org.testng.Assert.failNotEquals(Assert.java:512)\n\tat org.testng.Assert.assertEqualsImpl(Assert.java:134)\n\tat org.testng.Assert.assertEquals(Assert.java:115)\n\tat org.testng.Assert.assertEquals(Assert.java:189)\n\tat org.testng.Assert.assertEquals(Assert.java:199)\n\tat com.tests.E2Eest.testHomePage(E2Eest.java:69)\n\tat java.base/jdk.internal.reflect.NativeMethodAccessorImpl.invoke0(Native Method)\n\tat java.base/jdk.internal.reflect.NativeMethodAccessorImpl.invoke(NativeMethodAccessorImpl.java:62)\n\tat java.base/jdk.internal.reflect.DelegatingMethodAccessorImpl.invoke(DelegatingMethodAccessorImpl.java:43)\n\tat java.base/java.lang.reflect.Method.invoke(Method.java:564)\n\tat org.testng.internal.MethodInvocationHelper.invokeMethod(MethodInvocationHelper.java:108)\n\tat org.testng.internal.Invoker.invokeMethod(Invoker.java:661)\n\tat org.testng.internal.Invoker.invokeTestMethod(Invoker.java:869)\n\tat org.testng.internal.Invoker.invokeTestMethods(Invoker.java:1193)\n\tat org.testng.internal.TestMethodWorker.invokeTestMethods(TestMethodWorker.java:126)\n\tat org.testng.internal.TestMethodWorker.run(TestMethodWorker.java:109)\n\tat org.testng.TestRunner.privateRun(TestRunner.java:744)\n\tat org.testng.TestRunner.run(TestRunner.java:602)\n\tat org.testng.SuiteRunner.runTest(SuiteRunner.java:380)\n\tat org.testng.SuiteRunner.runSequentially(SuiteRunner.java:375)\n\tat org.testng.SuiteRunner.privateRun(SuiteRunner.java:340)\n\tat org.testng.SuiteRunner.run(SuiteRunner.java:289)\n\tat org.testng.SuiteRunnerWorker.runSuite(SuiteRunnerWorker.java:52)\n\tat org.testng.SuiteRunnerWorker.run(SuiteRunnerWorker.java:86)\n\tat org.testng.TestNG.runSuitesSequentially(TestNG.java:1301)\n\tat org.testng.TestNG.runSuitesLocally(TestNG.java:1226)\n\tat org.testng.TestNG.runSuites(TestNG.java:1144)\n\tat org.testng.TestNG.run(TestNG.java:1115)\n\tat org.testng.remote.AbstractRemoteTestNG.run(AbstractRemoteTestNG.java:115)\n\tat org.testng.remote.RemoteTestNG.initAndRun(RemoteTestNG.java:251)\n\tat org.testng.remote.RemoteTestNG.main(RemoteTestNG.java:77)\n"},"stage":"finished","description":"Valdation on Home Page","steps":[{"name":"Step 1","status":"failed","statusDetails":{"known":false,"muted":false,"flaky":false,"message":"expected [Search] but found [Serach]","trace":"java.lang.AssertionError: expected [Search] but found [Serach]\n\tat org.testng.Assert.fail(Assert.java:93)\n\tat org.testng.Assert.failNotEquals(Assert.java:512)\n\tat org.testng.Assert.assertEqualsImpl(Assert.java:134)\n\tat org.testng.Assert.assertEquals(Assert.java:115)\n\tat org.testng.Assert.assertEquals(Assert.java:189)\n\tat org.testng.Assert.assertEquals(Assert.java:199)\n\tat com.tests.E2Eest.testHomePage(E2Eest.java:69)\n\tat java.base/jdk.internal.reflect.NativeMethodAccessorImpl.invoke0(Native Method)\n\tat java.base/jdk.internal.reflect.NativeMethodAccessorImpl.invoke(NativeMethodAccessorImpl.java:62)\n\tat java.base/jdk.internal.reflect.DelegatingMethodAccessorImpl.invoke(DelegatingMethodAccessorImpl.java:43)\n\tat java.base/java.lang.reflect.Method.invoke(Method.java:564)\n\tat org.testng.internal.MethodInvocationHelper.invokeMethod(MethodInvocationHelper.java:108)\n\tat org.testng.internal.Invoker.invokeMethod(Invoker.java:661)\n\tat org.testng.internal.Invoker.invokeTestMethod(Invoker.java:869)\n\tat org.testng.internal.Invoker.invokeTestMethods(Invoker.java:1193)\n\tat org.testng.internal.TestMethodWorker.invokeTestMethods(TestMethodWorker.java:126)\n\tat org.testng.internal.TestMethodWorker.run(TestMethodWorker.java:109)\n\tat org.testng.TestRunner.privateRun(TestRunner.java:744)\n\tat org.testng.TestRunner.run(TestRunner.java:602)\n\tat org.testng.SuiteRunner.runTest(SuiteRunner.java:380)\n\tat org.testng.SuiteRunner.runSequentially(SuiteRunner.java:375)\n\tat org.testng.SuiteRunner.privateRun(SuiteRunner.java:340)\n\tat org.testng.SuiteRunner.run(SuiteRunner.java:289)\n\tat org.testng.SuiteRunnerWorker.runSuite(SuiteRunnerWorker.java:52)\n\tat org.testng.SuiteRunnerWorker.run(SuiteRunnerWorker.java:86)\n\tat org.testng.TestNG.runSuitesSequentially(TestNG.java:1301)\n\tat org.testng.TestNG.runSuitesLocally(TestNG.java:1226)\n\tat org.testng.TestNG.runSuites(TestNG.java:1144)\n\tat org.testng.TestNG.run(TestNG.java:1115)\n\tat org.testng.remote.AbstractRemoteTestNG.run(AbstractRemoteTestNG.java:115)\n\tat org.testng.remote.RemoteTestNG.initAndRun(RemoteTestNG.java:251)\n\tat org.testng.remote.RemoteTestNG.main(RemoteTestNG.java:77)\n"},"stage":"finished","steps":[],"attachments":[],"parameters":[],"start":1612442351034,"stop":1612442373278}],"attachments":[],"parameters":[],"start":1612442351014,"stop":1612442373281,"uuid":"53710848-9902-4227-994f-7ddbc0823f81","historyId":"fea3ea8fcc06c09c3a9bb5bac5476c86","fullName":"com.tests.E2Eest.testHomePage","labels":[{"name":"package","value":"com.tests.E2Eest"},{"name":"testClass","value":"com.tests.E2Eest"},{"name":"testMethod","value":"testHomePage"},{"name":"parentSuite","value":"Default suite"},{"name":"suite","value":"Default test"},{"name":"subSuite","value":"com.tests.E2Eest"},{"name":"host","value":"WKMZTEEB21DA.global.publicisgroupe.net"},{"name":"thread","value":"12609@WKMZTEEB21DA.global.publicisgroupe.net.main(1)"},{"name":"framework","value":"testng"},{"name":"language","value":"java"}],"links":[]}